<?xml version="1.0" encoding="UTF-8"?>
<!-- Generated by org.testng.reporters.JUnitReportReporter -->
<testsuite skipped="0" hostname="LAPTOP-0J7NNLBG" name="AppiumActivities.ChromeBrowser_Activity3" tests="2" failures="0" timestamp="2020-09-24T12:21:57 CDT" time="40.531" errors="0">
  <testcase name="chromeActivity3Valid" time="19.044" classname="AppiumActivities.ChromeBrowser_Activity3"/>
  <system-out/>
  <testcase name="chromeActivity3InValid" time="21.487" classname="AppiumActivities.ChromeBrowser_Activity3"/>
  <system-out/>
</testsuite> <!-- AppiumActivities.ChromeBrowser_Activity3 -->
