<?xml version="1.0" encoding="UTF-8"?>
<!-- Generated by org.testng.reporters.JUnitReportReporter -->
<testsuite skipped="0" hostname="LAPTOP-0J7NNLBG" name="AppiumActivities.ChromeBrowser_Activity1" tests="1" failures="0" timestamp="2020-09-24T12:21:57 CDT" time="20.390" errors="0">
  <testcase name="chromeActivityNew" time="20.390" classname="AppiumActivities.ChromeBrowser_Activity1"/>
  <system-out/>
</testsuite> <!-- AppiumActivities.ChromeBrowser_Activity1 -->
