<?xml version="1.0" encoding="UTF-8"?>
<!-- Generated by org.testng.reporters.JUnitReportReporter -->
<testsuite skipped="0" hostname="LAPTOP-0J7NNLBG" name="AppiumActivities.Activity_3_googleKeepWithReminder" tests="1" failures="0" timestamp="2020-09-24T12:21:57 CDT" time="26.224" errors="0">
  <testcase name="googleKeepWithReminder" time="26.224" classname="AppiumActivities.Activity_3_googleKeepWithReminder"/>
  <system-out/>
</testsuite> <!-- AppiumActivities.Activity_3_googleKeepWithReminder -->
