<?xml version="1.0" encoding="UTF-8"?>
<!-- Generated by org.testng.reporters.JUnitReportReporter -->
<testsuite skipped="0" hostname="LAPTOP-0J7NNLBG" name="AppiumTests.Test1" tests="4" failures="0" timestamp="2020-09-22T01:30:32 CDT" time="20.837" errors="0">
  <testcase name="mult" time="5.844" classname="AppiumTests.Test1"/>
  <testcase name="add" time="4.539" classname="AppiumTests.Test1"/>
  <testcase name="divide" time="5.612" classname="AppiumTests.Test1"/>
  <testcase name="Subtract" time="4.842" classname="AppiumTests.Test1"/>
</testsuite> <!-- AppiumTests.Test1 -->
