<?xml version="1.0" encoding="UTF-8"?>
<!-- Generated by org.testng.reporters.JUnitReportReporter -->
<testsuite skipped="0" hostname="LAPTOP-0J7NNLBG" name="AppiumActivities.ChromeBrowser" tests="1" failures="0" timestamp="2020-09-24T10:48:28 CDT" time="21.535" errors="0">
  <testcase name="chromeActivityNew" time="21.535" classname="AppiumActivities.ChromeBrowser"/>
</testsuite> <!-- AppiumActivities.ChromeBrowser -->
