<?xml version="1.0" encoding="UTF-8"?>
<!-- Generated by org.testng.reporters.JUnitReportReporter -->
<testsuite skipped="0" hostname="LAPTOP-0J7NNLBG" name="AppiumActivities.ChromeBrowser_Activity2" tests="2" failures="0" timestamp="2020-09-24T12:21:57 CDT" time="30.724" errors="0">
  <testcase name="chromeActivity2Invalid" time="16.624" classname="AppiumActivities.ChromeBrowser_Activity2"/>
  <system-out/>
  <testcase name="chromeActivity2Valid" time="14.100" classname="AppiumActivities.ChromeBrowser_Activity2"/>
  <system-out/>
</testsuite> <!-- AppiumActivities.ChromeBrowser_Activity2 -->
