<?xml version="1.0" encoding="UTF-8"?>
<!-- Generated by org.testng.reporters.JUnitReportReporter -->
<testsuite skipped="0" hostname="LAPTOP-0J7NNLBG" name="AppiumActivities.Activity_2_GoogleKeep" tests="1" failures="0" timestamp="2020-09-24T12:21:57 CDT" time="16.953" errors="0">
  <testcase name="googleKeep" time="16.953" classname="AppiumActivities.Activity_2_GoogleKeep"/>
  <system-out/>
</testsuite> <!-- AppiumActivities.Activity_2_GoogleKeep -->
