<?xml version="1.0" encoding="UTF-8"?>
<!-- Generated by org.testng.reporters.JUnitReportReporter -->
<testsuite skipped="0" hostname="LAPTOP-0J7NNLBG" name="AppiumTests.ScreenshotActivity" tests="1" failures="0" timestamp="2020-09-17T01:51:03 CDT" time="0.880" errors="0">
  <testcase name="mainTest" time="0.880" classname="AppiumTests.ScreenshotActivity"/>
</testsuite> <!-- AppiumTests.ScreenshotActivity -->
