<?xml version="1.0" encoding="UTF-8"?>
<!-- Generated by org.testng.reporters.JUnitReportReporter -->
<testsuite skipped="0" hostname="LAPTOP-0J7NNLBG" name="AppiumActivities.NewTest" tests="1" failures="0" timestamp="2020-09-24T12:10:09 CDT" time="0.006" errors="0">
  <testcase name="f" time="0.006" classname="AppiumActivities.NewTest"/>
  <system-out/>
</testsuite> <!-- AppiumActivities.NewTest -->
